<?xml version="1.0" encoding="UTF-8"?>
<!-- Generated by org.testng.reporters.JUnitReportReporter -->
<testsuite hostname="DESKTOP-OEOPJA5" failures="0" tests="1" name="TestCaseDemo.Test2" time="8.438" errors="0" timestamp="2025-03-10T10:51:21 IST" skipped="0">
  <testcase classname="TestCaseDemo.Test2" name="loginFunctanity" time="8.438"/>
  <system-out>
    <![CDATA[Testcas1 title Assertion Pass]]>
  </system-out>
</testsuite> <!-- TestCaseDemo.Test2 -->
